{"uuid":"31856629-c26c-459d-be57-93c238da8df7","historyId":"a6a73c2d3bea7dee3c8cc91349503dc1","testCaseId":"[engine:junit-jupiter]/[class:org.example.selenium.OrangeHtmlTest]/[method:checkSearchTesting()]","testCaseName":"checkSearchTesting()","fullName":"org.example.selenium.OrangeHtmlTest.checkSearchTesting","labels":[{"name":"junit.platform.uniqueid","value":"[engine:junit-jupiter]/[class:org.example.selenium.OrangeHtmlTest]/[method:checkSearchTesting()]"},{"name":"host","value":"Alisas-MacBook-Air.local"},{"name":"thread","value":"26529@Alisas-MacBook-Air.local.ForkJoinPool-1-worker-9(57)"},{"name":"framework","value":"junit-platform"},{"name":"language","value":"java"},{"name":"package","value":"org.example.selenium.OrangeHtmlTest"},{"name":"testClass","value":"org.example.selenium.OrangeHtmlTest"},{"name":"testMethod","value":"checkSearchTesting"},{"name":"suite","value":"org.example.selenium.OrangeHtmlTest"}],"links":[],"name":"checkSearchTesting()","status":"broken","statusDetails":{"known":false,"muted":false,"flaky":false,"message":"no such element: Unable to locate element: {\"method\":\"xpath\",\"selector\":\"//*[@role='listbox']/div[5]\"}\n  (Session info: chrome=127.0.6533.100)\nFor documentation on this error, please visit: https://www.selenium.dev/documentation/webdriver/troubleshooting/errors#no-such-element-exception\nBuild info: version: '4.23.0', revision: '4df0a231af'\nSystem info: os.name: 'Mac OS X', os.arch: 'aarch64', os.version: '13.4', java.version: '22.0.2'\nDriver info: org.openqa.selenium.chrome.ChromeDriver\nCommand: [3bcfe03a6e0eacbe8f0ce462dd992608, findElement {value=//*[@role='listbox']/div[5], using=xpath}]\nCapabilities {acceptInsecureCerts: false, browserName: chrome, browserVersion: 127.0.6533.100, chrome: {chromedriverVersion: 127.0.6533.99 (f31af5097d90..., userDataDir: /var/folders/8j/dwz0llz54kv...}, fedcm:accounts: true, goog:chromeOptions: {debuggerAddress: localhost:52694}, networkConnectionEnabled: false, pageLoadStrategy: normal, platformName: mac, proxy: Proxy(), se:cdp: ws://localhost:52694/devtoo..., se:cdpVersion: 127.0.6533.100, setWindowRect: true, strictFileInteractability: false, timeouts: {implicit: 0, pageLoad: 300000, script: 30000}, unhandledPromptBehavior: dismiss and notify, webauthn:extension:credBlob: true, webauthn:extension:largeBlob: true, webauthn:extension:minPinLength: true, webauthn:extension:prf: true, webauthn:virtualAuthenticators: true}\nSession ID: 3bcfe03a6e0eacbe8f0ce462dd992608","trace":"org.openqa.selenium.NoSuchElementException: no such element: Unable to locate element: {\"method\":\"xpath\",\"selector\":\"//*[@role='listbox']/div[5]\"}\n  (Session info: chrome=127.0.6533.100)\nFor documentation on this error, please visit: https://www.selenium.dev/documentation/webdriver/troubleshooting/errors#no-such-element-exception\nBuild info: version: '4.23.0', revision: '4df0a231af'\nSystem info: os.name: 'Mac OS X', os.arch: 'aarch64', os.version: '13.4', java.version: '22.0.2'\nDriver info: org.openqa.selenium.chrome.ChromeDriver\nCommand: [3bcfe03a6e0eacbe8f0ce462dd992608, findElement {value=//*[@role='listbox']/div[5], using=xpath}]\nCapabilities {acceptInsecureCerts: false, browserName: chrome, browserVersion: 127.0.6533.100, chrome: {chromedriverVersion: 127.0.6533.99 (f31af5097d90..., userDataDir: /var/folders/8j/dwz0llz54kv...}, fedcm:accounts: true, goog:chromeOptions: {debuggerAddress: localhost:52694}, networkConnectionEnabled: false, pageLoadStrategy: normal, platformName: mac, proxy: Proxy(), se:cdp: ws://localhost:52694/devtoo..., se:cdpVersion: 127.0.6533.100, setWindowRect: true, strictFileInteractability: false, timeouts: {implicit: 0, pageLoad: 300000, script: 30000}, unhandledPromptBehavior: dismiss and notify, webauthn:extension:credBlob: true, webauthn:extension:largeBlob: true, webauthn:extension:minPinLength: true, webauthn:extension:prf: true, webauthn:virtualAuthenticators: true}\nSession ID: 3bcfe03a6e0eacbe8f0ce462dd992608\n\tat java.base/jdk.internal.reflect.DirectConstructorHandleAccessor.newInstance(DirectConstructorHandleAccessor.java:62)\n\tat java.base/java.lang.reflect.Constructor.newInstanceWithCaller(Constructor.java:502)\n\tat java.base/java.lang.reflect.Constructor.newInstance(Constructor.java:486)\n\tat org.openqa.selenium.remote.ErrorCodec.decode(ErrorCodec.java:167)\n\tat org.openqa.selenium.remote.codec.w3c.W3CHttpResponseCodec.decode(W3CHttpResponseCodec.java:138)\n\tat org.openqa.selenium.remote.codec.w3c.W3CHttpResponseCodec.decode(W3CHttpResponseCodec.java:50)\n\tat org.openqa.selenium.remote.HttpCommandExecutor.execute(HttpCommandExecutor.java:190)\n\tat org.openqa.selenium.remote.service.DriverCommandExecutor.invokeExecute(DriverCommandExecutor.java:216)\n\tat org.openqa.selenium.remote.service.DriverCommandExecutor.execute(DriverCommandExecutor.java:174)\n\tat org.openqa.selenium.remote.RemoteWebDriver.execute(RemoteWebDriver.java:527)\n\tat org.openqa.selenium.remote.ElementLocation$ElementFinder$2.findElement(ElementLocation.java:165)\n\tat org.openqa.selenium.remote.ElementLocation.findElement(ElementLocation.java:59)\n\tat org.openqa.selenium.remote.RemoteWebDriver.findElement(RemoteWebDriver.java:357)\n\tat org.openqa.selenium.remote.RemoteWebDriver.findElement(RemoteWebDriver.java:351)\n\tat org.example.selenium.OrangeHtmlTest.checkSearchTesting(OrangeHtmlTest.java:84)\n\tat java.base/java.lang.reflect.Method.invoke(Method.java:580)\n\tat java.base/java.util.concurrent.RecursiveAction.exec(RecursiveAction.java:194)\n\tat java.base/java.util.concurrent.ForkJoinTask.doExec(ForkJoinTask.java:507)\n\tat java.base/java.util.concurrent.ForkJoinPool$WorkQueue.topLevelExec(ForkJoinPool.java:1489)\n\tat java.base/java.util.concurrent.ForkJoinPool.scan(ForkJoinPool.java:2071)\n\tat java.base/java.util.concurrent.ForkJoinPool.runWorker(ForkJoinPool.java:2033)\n\tat java.base/java.util.concurrent.ForkJoinWorkerThread.run(ForkJoinWorkerThread.java:187)\n\tSuppressed: java.io.FileNotFoundException: /Users/alisa_school/java_lessons/TestFramework/TestFramework/src/test/resources/screens/screen_1723224897660.png (No such file or directory)\n\t\tat java.base/java.io.FileInputStream.open0(Native Method)\n\t\tat java.base/java.io.FileInputStream.open(FileInputStream.java:213)\n\t\tat java.base/java.io.FileInputStream.<init>(FileInputStream.java:152)\n\t\tat org.example.selenium.helpers.AfterTestExecution.afterTestExecution(AfterTestExecution.java:21)\n\t\t... 6 more\n"},"stage":"finished","description":"","steps":[{"name":"Prepare browser","status":"passed","stage":"finished","steps":[],"attachments":[],"parameters":[],"start":1723224858294,"stop":1723224862978},{"name":"Open page","status":"passed","stage":"finished","steps":[],"attachments":[],"parameters":[{"name":"url","value":"https://opensource-demo.orangehrmlive.com/web/index.php/directory/viewDirectory"}],"start":1723224862979,"stop":1723224886513},{"name":"Make Screen","status":"passed","stage":"finished","steps":[],"attachments":[],"parameters":[{"name":"fileName","value":"screen_1723224897660.png"}],"start":1723224897660,"stop":1723224897891}],"attachments":[],"parameters":[],"start":1723224858280,"stop":1723224897982}