{"uuid":"9781a7eb-bd6f-464e-998f-156df5488594","historyId":"2c890a8e8fe7f1cdbe0e6e54fd89e2f1","testCaseId":"[engine:junit-jupiter]/[class:org.example.selenium.OrangeHtmlTest]","testCaseName":"OrangeHtmlTest","fullName":"org.example.selenium.OrangeHtmlTest","labels":[{"name":"junit.platform.uniqueid","value":"[engine:junit-jupiter]/[class:org.example.selenium.OrangeHtmlTest]"},{"name":"host","value":"Alisas-MacBook-Air.local"},{"name":"thread","value":"31750@Alisas-MacBook-Air.local.ForkJoinPool-1-worker-1(31)"},{"name":"framework","value":"junit-platform"},{"name":"language","value":"java"},{"name":"package","value":"org.example.selenium.OrangeHtmlTest"},{"name":"testClass","value":"org.example.selenium.OrangeHtmlTest"},{"name":"suite","value":"org.example.selenium.OrangeHtmlTest"},{"name":"AS_ID","value":"-1"}],"links":[],"name":"OrangeHtmlTest","status":"broken","statusDetails":{"known":false,"muted":false,"flaky":false,"message":"Unable to obtain: chromedriver, error chromedriver must exist: /Users/alisa_school/java_lessons/TestFramework/TestFrameworkchromedriver-mac-arm64/chromedriver\nFor documentation on this error, please visit: https://www.selenium.dev/documentation/webdriver/troubleshooting/errors/driver_location/\nBuild info: version: '4.23.1', revision: '656257d8e9'\nSystem info: os.name: 'Mac OS X', os.arch: 'aarch64', os.version: '13.4', java.version: '21.0.3'\nDriver info: driver.version: ChromeDriver","trace":"org.openqa.selenium.remote.NoSuchDriverException: Unable to obtain: chromedriver, error chromedriver must exist: /Users/alisa_school/java_lessons/TestFramework/TestFrameworkchromedriver-mac-arm64/chromedriver\nFor documentation on this error, please visit: https://www.selenium.dev/documentation/webdriver/troubleshooting/errors/driver_location/\nBuild info: version: '4.23.1', revision: '656257d8e9'\nSystem info: os.name: 'Mac OS X', os.arch: 'aarch64', os.version: '13.4', java.version: '21.0.3'\nDriver info: driver.version: ChromeDriver\n\tat org.openqa.selenium.remote.service.DriverFinder.getBinaryPaths(DriverFinder.java:121)\n\tat org.openqa.selenium.remote.service.DriverFinder.getDriverPath(DriverFinder.java:55)\n\tat org.openqa.selenium.chrome.ChromeDriver.generateExecutor(ChromeDriver.java:99)\n\tat org.openqa.selenium.chrome.ChromeDriver.<init>(ChromeDriver.java:88)\n\tat org.openqa.selenium.chrome.ChromeDriver.<init>(ChromeDriver.java:83)\n\tat org.openqa.selenium.chrome.ChromeDriver.<init>(ChromeDriver.java:72)\n\tat org.example.selenium.TestBase.setupAll(TestBase.java:59)\n\tat java.base/java.lang.reflect.Method.invoke(Method.java:580)\n\tat java.base/java.util.concurrent.RecursiveAction.exec(RecursiveAction.java:194)\n\tat java.base/java.util.concurrent.ForkJoinTask.doExec(ForkJoinTask.java:387)\n\tat java.base/java.util.concurrent.ForkJoinPool$WorkQueue.topLevelExec(ForkJoinPool.java:1312)\n\tat java.base/java.util.concurrent.ForkJoinPool.scan(ForkJoinPool.java:1843)\n\tat java.base/java.util.concurrent.ForkJoinPool.runWorker(ForkJoinPool.java:1808)\n\tat java.base/java.util.concurrent.ForkJoinWorkerThread.run(ForkJoinWorkerThread.java:188)\nCaused by: java.lang.IllegalStateException: chromedriver must exist: /Users/alisa_school/java_lessons/TestFramework/TestFrameworkchromedriver-mac-arm64/chromedriver\n\tat org.openqa.selenium.internal.Require$PathStateChecker.isExecutable(Require.java:478)\n\tat org.openqa.selenium.remote.service.DriverFinder.getBinaryPaths(DriverFinder.java:118)\n\t... 13 more\n"},"stage":"finished","description":"","steps":[],"attachments":[],"parameters":[],"start":1724591490206,"stop":1724591490208}